[2022-06-25T04:04:42.120Z] Log level: Info
[2022-06-25T04:04:42.123Z] [info] Validating found git in: git
[2022-06-25T04:04:42.191Z] [info] Using git 2.25.1 from git
[2022-06-25T04:04:42.250Z] > git rev-parse --show-toplevel [39ms]
[2022-06-25T04:04:42.250Z] fatal: not a git repository (or any of the parent directories): .git
[2022-06-25T04:04:42.264Z] > git rev-parse --show-toplevel [5ms]
[2022-06-25T04:04:42.264Z] fatal: not a git repository (or any of the parent directories): .git
[2022-06-25T04:04:42.280Z] > git rev-parse --show-toplevel [12ms]
[2022-06-25T04:04:42.280Z] fatal: not a git repository (or any of the parent directories): .git
[2022-06-25T04:04:42.288Z] > git rev-parse --show-toplevel [4ms]
[2022-06-25T04:04:42.288Z] fatal: not a git repository (or any of the parent directories): .git
[2022-06-25T04:04:42.296Z] > git rev-parse --show-toplevel [5ms]
[2022-06-25T04:04:42.296Z] fatal: not a git repository (or any of the parent directories): .git
[2022-06-25T04:04:44.763Z] > git rev-parse --show-toplevel [18ms]
[2022-06-25T04:04:44.763Z] fatal: not a git repository (or any of the parent directories): .git
[2022-06-25T04:04:44.798Z] > git rev-parse --show-toplevel [31ms]
[2022-06-25T04:04:44.798Z] fatal: not a git repository (or any of the parent directories): .git
[2022-06-25T04:04:44.832Z] > git rev-parse --show-toplevel [24ms]
[2022-06-25T04:04:44.832Z] fatal: not a git repository (or any of the parent directories): .git
[2022-06-25T04:04:44.840Z] > git rev-parse --show-toplevel [4ms]
[2022-06-25T04:04:44.840Z] fatal: not a git repository (or any of the parent directories): .git
[2022-06-25T04:04:44.845Z] > git rev-parse --show-toplevel [2ms]
[2022-06-25T04:04:44.845Z] fatal: not a git repository (or any of the parent directories): .git
